2020-06-09 22:33:29 [scrapy.utils.log] INFO: Scrapy 2.0.1 started (bot: kakaku_dot_com)
2020-06-09 22:33:29 [scrapy.utils.log] INFO: Versions: lxml 4.5.0.0, libxml2 2.9.10, cssselect 1.1.0, parsel 1.5.2, w3lib 1.21.0, Twisted 20.3.0, Python 3.7.7 (default, Mar 10 2020, 15:43:03) - [Clang 11.0.0 (clang-1100.0.33.17)], pyOpenSSL 19.1.0 (OpenSSL 1.1.1f  31 Mar 2020), cryptography 2.9, Platform Darwin-18.7.0-x86_64-i386-64bit
2020-06-09 22:33:29 [scrapy.utils.log] DEBUG: Using reactor: twisted.internet.selectreactor.SelectReactor
2020-06-09 22:33:29 [scrapy.crawler] INFO: Overridden settings:
{'BOT_NAME': 'kakaku_dot_com',
 'FEED_EXPORT_ENCODING': 'utf-8',
 'NEWSPIDER_MODULE': 'kakaku_dot_com.spiders',
 'ROBOTSTXT_OBEY': True,
 'SPIDER_MODULES': ['kakaku_dot_com.spiders']}
2020-06-09 22:33:29 [scrapy.extensions.telnet] INFO: Telnet Password: 38633749f71164a6
2020-06-09 22:33:29 [scrapy.middleware] INFO: Enabled extensions:
['scrapy.extensions.corestats.CoreStats',
 'scrapy.extensions.telnet.TelnetConsole',
 'scrapy.extensions.memusage.MemoryUsage',
 'scrapy.extensions.logstats.LogStats']
2020-06-09 22:33:30 [scrapy.middleware] INFO: Enabled downloader middlewares:
['scrapy.downloadermiddlewares.robotstxt.RobotsTxtMiddleware',
 'scrapy.downloadermiddlewares.httpauth.HttpAuthMiddleware',
 'scrapy.downloadermiddlewares.downloadtimeout.DownloadTimeoutMiddleware',
 'scrapy.downloadermiddlewares.defaultheaders.DefaultHeadersMiddleware',
 'scrapy.downloadermiddlewares.useragent.UserAgentMiddleware',
 'scrapy.downloadermiddlewares.retry.RetryMiddleware',
 'scrapy.downloadermiddlewares.redirect.MetaRefreshMiddleware',
 'scrapy.downloadermiddlewares.httpcompression.HttpCompressionMiddleware',
 'scrapy.downloadermiddlewares.redirect.RedirectMiddleware',
 'scrapy.downloadermiddlewares.cookies.CookiesMiddleware',
 'scrapy.downloadermiddlewares.httpproxy.HttpProxyMiddleware',
 'scrapy.downloadermiddlewares.stats.DownloaderStats']
2020-06-09 22:33:30 [scrapy.middleware] INFO: Enabled spider middlewares:
['scrapy.spidermiddlewares.httperror.HttpErrorMiddleware',
 'scrapy.spidermiddlewares.offsite.OffsiteMiddleware',
 'scrapy.spidermiddlewares.referer.RefererMiddleware',
 'scrapy.spidermiddlewares.urllength.UrlLengthMiddleware',
 'scrapy.spidermiddlewares.depth.DepthMiddleware']
2020-06-09 22:33:30 [scrapy.middleware] INFO: Enabled item pipelines:
['kakaku_dot_com.pipelines.MySQLPipeline']
2020-06-09 22:33:30 [scrapy.core.engine] INFO: Spider opened
2020-06-09 22:33:30 [scrapy.extensions.logstats] INFO: Crawled 0 pages (at 0 pages/min), scraped 0 items (at 0 items/min)
2020-06-09 22:33:30 [scrapy.extensions.telnet] INFO: Telnet console listening on 127.0.0.1:6023
2020-06-09 22:33:30 [scrapy.core.engine] DEBUG: Crawled (200) <GET https://kakaku.com/robots.txt> (referer: None)
2020-06-09 22:33:30 [scrapy.core.engine] DEBUG: Crawled (200) <GET https://kakaku.com/item/J0000031201/> (referer: None)
2020-06-09 22:33:31 [scrapy.core.scraper] DEBUG: Scraped from <200 https://kakaku.com/item/J0000031201/>
{'cheapest_value': '36400',
 'product_id': 'J0000031201',
 'product_name': 'iPad 10.2インチ 第7世代 Wi-Fi 32GB 2019年秋モデル'}
2020-06-09 22:33:31 [scrapy.core.engine] INFO: Closing spider (finished)
2020-06-09 22:33:31 [scrapy.statscollectors] INFO: Dumping Scrapy stats:
{'downloader/request_bytes': 447,
 'downloader/request_count': 2,
 'downloader/request_method_count/GET': 2,
 'downloader/response_bytes': 50695,
 'downloader/response_count': 2,
 'downloader/response_status_count/200': 2,
 'elapsed_time_seconds': 0.957419,
 'finish_reason': 'finished',
 'finish_time': datetime.datetime(2020, 6, 9, 13, 33, 31, 144580),
 'item_scraped_count': 1,
 'log_count/DEBUG': 3,
 'log_count/INFO': 10,
 'memusage/max': 54177792,
 'memusage/startup': 54177792,
 'response_received_count': 2,
 'robotstxt/request_count': 1,
 'robotstxt/response_count': 1,
 'robotstxt/response_status_count/200': 1,
 'scheduler/dequeued': 1,
 'scheduler/dequeued/memory': 1,
 'scheduler/enqueued': 1,
 'scheduler/enqueued/memory': 1,
 'start_time': datetime.datetime(2020, 6, 9, 13, 33, 30, 187161)}
2020-06-09 22:33:31 [scrapy.core.engine] INFO: Spider closed (finished)
